Using pre-set license
Built from '2021.1/staging' branch; Version is '2021.1.5f1 (3737af19df53) revision 3618735'; Using compiler version '192528614'; Build Type 'Release'
OS: 'Windows 10 Pro; OS build 19042.1466; Version 2009; 64bit' Language: 'en' Physical Memory: 16313 MB
BatchMode: 1, IsHumanControllingUs: 0, StartBugReporterOnCrash: 0, Is64bit: 1, IsPro: 0

 COMMAND LINE ARGUMENTS:
C:\Program Files\Unity\Hub\Editor\2021.1.5f1\Editor\Unity.exe
-adb2
-batchMode
-noUpm
-name
AssetImportWorker0
-projectPath
D:/GameDev/labyrinth-unity/Labyrinth
-logFile
Logs/AssetImportWorker0.log
-srvPort
50542
Successfully changed project path to: D:/GameDev/labyrinth-unity/Labyrinth
D:/GameDev/labyrinth-unity/Labyrinth
Using Asset Import Pipeline V2.
Refreshing native plugins compatible for Editor in 100.15 ms, found 2 plugins.
Preloading 0 native plugins for Editor in 0.00 ms.
Initialize engine version: 2021.1.5f1 (3737af19df53)
[Subsystems] Discovering subsystems at path C:/Program Files/Unity/Hub/Editor/2021.1.5f1/Editor/Data/Resources/UnitySubsystems
[Subsystems] Discovering subsystems at path D:/GameDev/labyrinth-unity/Labyrinth/Assets
GfxDevice: creating device client; threaded=0; jobified=0
Direct3D:
    Version:  Direct3D 11.0 [level 11.1]
    Renderer: NVIDIA GeForce GTX 1650 SUPER (ID=0x2187)
    Vendor:   NVIDIA
    VRAM:     3955 MB
    Driver:   30.0.14.7196
Initialize mono
Mono path[0] = 'C:/Program Files/Unity/Hub/Editor/2021.1.5f1/Editor/Data/Managed'
Mono path[1] = 'C:/Program Files/Unity/Hub/Editor/2021.1.5f1/Editor/Data/MonoBleedingEdge/lib/mono/unityjit'
Mono config path = 'C:/Program Files/Unity/Hub/Editor/2021.1.5f1/Editor/Data/MonoBleedingEdge/etc'
Using monoOptions --debugger-agent=transport=dt_socket,embedding=1,server=y,suspend=n,address=127.0.0.1:56680
Begin MonoManager ReloadAssembly
Registering precompiled unity dll's ...
Register platform support module: C:/Program Files/Unity/Hub/Editor/2021.1.5f1/Editor/Data/PlaybackEngines/WebGLSupport/UnityEditor.WebGL.Extensions.dll
Register platform support module: C:/Program Files/Unity/Hub/Editor/2021.1.5f1/Editor/Data/PlaybackEngines/MacStandaloneSupport/UnityEditor.OSXStandalone.Extensions.dll
Register platform support module: C:/Program Files/Unity/Hub/Editor/2021.1.5f1/Editor/Data/PlaybackEngines/WindowsStandaloneSupport/UnityEditor.WindowsStandalone.Extensions.dll
Registered in 0.002663 seconds.
Native extension for WindowsStandalone target not found
Native extension for OSXStandalone target not found
Native extension for WebGL target not found
Refreshing native plugins compatible for Editor in 121.54 ms, found 2 plugins.
Preloading 0 native plugins for Editor in 0.00 ms.
Mono: successfully reloaded assembly
- Completed reload, in  2.228 seconds
Platform modules already initialized, skipping
Registering precompiled user dll's ...
Registered in 0.005259 seconds.
Begin MonoManager ReloadAssembly
Native extension for WindowsStandalone target not found
Native extension for OSXStandalone target not found
Native extension for WebGL target not found
Refreshing native plugins compatible for Editor in 100.92 ms, found 2 plugins.
Preloading 0 native plugins for Editor in 0.00 ms.
Mono: successfully reloaded assembly
- Completed reload, in  1.288 seconds
Platform modules already initialized, skipping
========================================================================
Worker process is ready to serve import requests
Launched and connected shader compiler UnityShaderCompiler.exe after 0.05 seconds
Refreshing native plugins compatible for Editor in 1.64 ms, found 2 plugins.
Preloading 0 native plugins for Editor in 0.00 ms.
Unloading 3397 Unused Serialized files (Serialized files now loaded: 0)
System memory in use before: 130.5 MB.
System memory in use after: 130.6 MB.

Unloading 31 unused Assets to reduce memory usage. Loaded Objects now: 3853.
Total: 2.974400 ms (FindLiveObjects: 0.381600 ms CreateObjectMapping: 0.104800 ms MarkObjects: 2.230200 ms  DeleteObjects: 0.256400 ms)

========================================================================
Received Import Request.
  path: Assets/Scripts/GameManager.cs
  artifactKey: Guid(4396d09b7ef632f4caddce75403d91fa) Importer(815301076,1909f56bfc062723c751e8b465ee728b)
Start importing Assets/Scripts/GameManager.cs using Guid(4396d09b7ef632f4caddce75403d91fa) Importer(815301076,1909f56bfc062723c751e8b465ee728b)  -> (artifact id: 'a9215af91cf0279a7fdd635fbee199b0') in 0.035259 seconds 
========================================================================
Received Prepare
Registering precompiled user dll's ...
Registered in 0.003495 seconds.
Begin MonoManager ReloadAssembly
Native extension for WindowsStandalone target not found
Native extension for OSXStandalone target not found
Native extension for WebGL target not found
Refreshing native plugins compatible for Editor in 1.51 ms, found 2 plugins.
Preloading 0 native plugins for Editor in 0.00 ms.
Mono: successfully reloaded assembly
- Completed reload, in  0.937 seconds
Platform modules already initialized, skipping
Refreshing native plugins compatible for Editor in 0.99 ms, found 2 plugins.
Preloading 0 native plugins for Editor in 0.00 ms.
Unloading 3379 Unused Serialized files (Serialized files now loaded: 0)
System memory in use before: 129.2 MB.
System memory in use after: 129.3 MB.

Unloading 19 unused Assets to reduce memory usage. Loaded Objects now: 3857.
Total: 3.076600 ms (FindLiveObjects: 0.598600 ms CreateObjectMapping: 0.136600 ms MarkObjects: 2.212500 ms  DeleteObjects: 0.127900 ms)

========================================================================
Received Import Request.
  Time since last request: 574.522678 seconds.
  path: Assets/Scripts/GameManager.cs
  artifactKey: Guid(4396d09b7ef632f4caddce75403d91fa) Importer(815301076,1909f56bfc062723c751e8b465ee728b)
Start importing Assets/Scripts/GameManager.cs using Guid(4396d09b7ef632f4caddce75403d91fa) Importer(815301076,1909f56bfc062723c751e8b465ee728b)  -> (artifact id: '09e9c506d17e134d06a16eb541ff6287') in 0.009108 seconds 
========================================================================
Received Prepare
Registering precompiled user dll's ...
Registered in 0.003411 seconds.
Begin MonoManager ReloadAssembly
Native extension for WindowsStandalone target not found
Native extension for OSXStandalone target not found
Native extension for WebGL target not found
Refreshing native plugins compatible for Editor in 0.97 ms, found 2 plugins.
Preloading 0 native plugins for Editor in 0.00 ms.
Mono: successfully reloaded assembly
- Completed reload, in  0.957 seconds
Platform modules already initialized, skipping
Refreshing native plugins compatible for Editor in 0.83 ms, found 2 plugins.
Preloading 0 native plugins for Editor in 0.00 ms.
Unloading 3379 Unused Serialized files (Serialized files now loaded: 0)
System memory in use before: 129.3 MB.
System memory in use after: 129.4 MB.

Unloading 19 unused Assets to reduce memory usage. Loaded Objects now: 3861.
Total: 2.873300 ms (FindLiveObjects: 0.427000 ms CreateObjectMapping: 0.090200 ms MarkObjects: 2.235800 ms  DeleteObjects: 0.118500 ms)

========================================================================
Received Import Request.
  Time since last request: 56.504419 seconds.
  path: Assets/Scripts/GameManager.cs
  artifactKey: Guid(4396d09b7ef632f4caddce75403d91fa) Importer(815301076,1909f56bfc062723c751e8b465ee728b)
Start importing Assets/Scripts/GameManager.cs using Guid(4396d09b7ef632f4caddce75403d91fa) Importer(815301076,1909f56bfc062723c751e8b465ee728b)  -> (artifact id: '129e1d45bb8ab178d962eaebec8aa7d0') in 0.006736 seconds 
========================================================================
Received Prepare
Registering precompiled user dll's ...
Registered in 0.003428 seconds.
Begin MonoManager ReloadAssembly
Native extension for WindowsStandalone target not found
Native extension for OSXStandalone target not found
Native extension for WebGL target not found
Refreshing native plugins compatible for Editor in 0.78 ms, found 2 plugins.
Preloading 0 native plugins for Editor in 0.00 ms.
Mono: successfully reloaded assembly
- Completed reload, in  0.913 seconds
Platform modules already initialized, skipping
Refreshing native plugins compatible for Editor in 0.81 ms, found 2 plugins.
Preloading 0 native plugins for Editor in 0.00 ms.
Unloading 3379 Unused Serialized files (Serialized files now loaded: 0)
System memory in use before: 129.3 MB.
System memory in use after: 129.4 MB.

Unloading 19 unused Assets to reduce memory usage. Loaded Objects now: 3865.
Total: 3.032800 ms (FindLiveObjects: 0.478000 ms CreateObjectMapping: 0.125100 ms MarkObjects: 2.298400 ms  DeleteObjects: 0.130100 ms)

========================================================================
Received Import Request.
  Time since last request: 71.267920 seconds.
  path: Assets/Scripts/GameManager.cs
  artifactKey: Guid(4396d09b7ef632f4caddce75403d91fa) Importer(815301076,1909f56bfc062723c751e8b465ee728b)
Start importing Assets/Scripts/GameManager.cs using Guid(4396d09b7ef632f4caddce75403d91fa) Importer(815301076,1909f56bfc062723c751e8b465ee728b)  -> (artifact id: 'ec986e0b9a6045b108149a25e6798032') in 0.006900 seconds 
========================================================================
Received Prepare
Registering precompiled user dll's ...
Registered in 0.003473 seconds.
Begin MonoManager ReloadAssembly
Native extension for WindowsStandalone target not found
Native extension for OSXStandalone target not found
Native extension for WebGL target not found
Refreshing native plugins compatible for Editor in 0.79 ms, found 2 plugins.
Preloading 0 native plugins for Editor in 0.00 ms.
Mono: successfully reloaded assembly
- Completed reload, in  0.910 seconds
Platform modules already initialized, skipping
Refreshing native plugins compatible for Editor in 0.84 ms, found 2 plugins.
Preloading 0 native plugins for Editor in 0.00 ms.
Unloading 3379 Unused Serialized files (Serialized files now loaded: 0)
System memory in use before: 129.4 MB.
System memory in use after: 129.5 MB.

Unloading 19 unused Assets to reduce memory usage. Loaded Objects now: 3869.
Total: 2.558400 ms (FindLiveObjects: 0.316700 ms CreateObjectMapping: 0.097800 ms MarkObjects: 2.032600 ms  DeleteObjects: 0.110500 ms)

========================================================================
Received Import Request.
  Time since last request: 21.749223 seconds.
  path: Assets/Scripts/GameManager.cs
  artifactKey: Guid(4396d09b7ef632f4caddce75403d91fa) Importer(815301076,1909f56bfc062723c751e8b465ee728b)
Start importing Assets/Scripts/GameManager.cs using Guid(4396d09b7ef632f4caddce75403d91fa) Importer(815301076,1909f56bfc062723c751e8b465ee728b)  -> (artifact id: '1cfd827703aa3d09630c42e17b666d3f') in 0.006802 seconds 
========================================================================
Received Prepare
Registering precompiled user dll's ...
Registered in 0.003441 seconds.
Begin MonoManager ReloadAssembly
Native extension for WindowsStandalone target not found
Native extension for OSXStandalone target not found
Native extension for WebGL target not found
Refreshing native plugins compatible for Editor in 0.97 ms, found 2 plugins.
Preloading 0 native plugins for Editor in 0.00 ms.
Mono: successfully reloaded assembly
- Completed reload, in  1.136 seconds
Platform modules already initialized, skipping
Refreshing native plugins compatible for Editor in 1.18 ms, found 2 plugins.
Preloading 0 native plugins for Editor in 0.00 ms.
Unloading 3379 Unused Serialized files (Serialized files now loaded: 0)
System memory in use before: 129.4 MB.
System memory in use after: 129.5 MB.

Unloading 19 unused Assets to reduce memory usage. Loaded Objects now: 3873.
Total: 3.962500 ms (FindLiveObjects: 0.677200 ms CreateObjectMapping: 0.151800 ms MarkObjects: 2.989700 ms  DeleteObjects: 0.142300 ms)

========================================================================
Received Import Request.
  Time since last request: 11.595260 seconds.
  path: Assets/Scripts/GameManager.cs
  artifactKey: Guid(4396d09b7ef632f4caddce75403d91fa) Importer(815301076,1909f56bfc062723c751e8b465ee728b)
Start importing Assets/Scripts/GameManager.cs using Guid(4396d09b7ef632f4caddce75403d91fa) Importer(815301076,1909f56bfc062723c751e8b465ee728b)  -> (artifact id: '47aba6fdd13f888ad9cd4483f1839bc7') in 0.006556 seconds 
========================================================================
Received Prepare
Registering precompiled user dll's ...
Registered in 0.003974 seconds.
Begin MonoManager ReloadAssembly
Native extension for WindowsStandalone target not found
Native extension for OSXStandalone target not found
Native extension for WebGL target not found
Refreshing native plugins compatible for Editor in 0.93 ms, found 2 plugins.
Preloading 0 native plugins for Editor in 0.00 ms.
Mono: successfully reloaded assembly
- Completed reload, in  0.861 seconds
Platform modules already initialized, skipping
Refreshing native plugins compatible for Editor in 0.77 ms, found 2 plugins.
Preloading 0 native plugins for Editor in 0.00 ms.
Unloading 3379 Unused Serialized files (Serialized files now loaded: 0)
System memory in use before: 129.4 MB.
System memory in use after: 129.5 MB.

Unloading 19 unused Assets to reduce memory usage. Loaded Objects now: 3877.
Total: 2.748700 ms (FindLiveObjects: 0.330700 ms CreateObjectMapping: 0.098000 ms MarkObjects: 2.204100 ms  DeleteObjects: 0.114700 ms)

========================================================================
Received Import Request.
  Time since last request: 89.506648 seconds.
  path: Assets/Scripts/GameManager.cs
  artifactKey: Guid(4396d09b7ef632f4caddce75403d91fa) Importer(815301076,1909f56bfc062723c751e8b465ee728b)
Start importing Assets/Scripts/GameManager.cs using Guid(4396d09b7ef632f4caddce75403d91fa) Importer(815301076,1909f56bfc062723c751e8b465ee728b)  -> (artifact id: '1b1f02100f735f6bea9cbdcea77838c2') in 0.006565 seconds 
========================================================================
Received Import Request.
  Time since last request: 50.663863 seconds.
  path: Assets/Scripts/GameManager.cs
  artifactKey: Guid(4396d09b7ef632f4caddce75403d91fa) Importer(815301076,1909f56bfc062723c751e8b465ee728b)
Start importing Assets/Scripts/GameManager.cs using Guid(4396d09b7ef632f4caddce75403d91fa) Importer(815301076,1909f56bfc062723c751e8b465ee728b)  -> (artifact id: '4ac67cbeae65dfee837ccba09e87c618') in 0.002030 seconds 
========================================================================
Received Prepare
Registering precompiled user dll's ...
Registered in 0.004981 seconds.
Begin MonoManager ReloadAssembly
Native extension for WindowsStandalone target not found
Native extension for OSXStandalone target not found
Native extension for WebGL target not found
Refreshing native plugins compatible for Editor in 0.80 ms, found 2 plugins.
Preloading 0 native plugins for Editor in 0.00 ms.
Mono: successfully reloaded assembly
- Completed reload, in  0.955 seconds
Platform modules already initialized, skipping
Refreshing native plugins compatible for Editor in 0.80 ms, found 2 plugins.
Preloading 0 native plugins for Editor in 0.00 ms.
Unloading 3379 Unused Serialized files (Serialized files now loaded: 0)
System memory in use before: 129.4 MB.
System memory in use after: 129.5 MB.

Unloading 19 unused Assets to reduce memory usage. Loaded Objects now: 3881.
Total: 2.655700 ms (FindLiveObjects: 0.343400 ms CreateObjectMapping: 0.115500 ms MarkObjects: 2.070400 ms  DeleteObjects: 0.124900 ms)

========================================================================
Received Import Request.
  Time since last request: 67.975430 seconds.
  path: Assets/Scripts/GameManager.cs
  artifactKey: Guid(4396d09b7ef632f4caddce75403d91fa) Importer(815301076,1909f56bfc062723c751e8b465ee728b)
Start importing Assets/Scripts/GameManager.cs using Guid(4396d09b7ef632f4caddce75403d91fa) Importer(815301076,1909f56bfc062723c751e8b465ee728b)  -> (artifact id: 'f3e158c980821e3505eda6b7b69b4145') in 0.007250 seconds 
========================================================================
Received Prepare
Registering precompiled user dll's ...
Registered in 0.004926 seconds.
Begin MonoManager ReloadAssembly
Native extension for WindowsStandalone target not found
Native extension for OSXStandalone target not found
Native extension for WebGL target not found
Refreshing native plugins compatible for Editor in 0.77 ms, found 2 plugins.
Preloading 0 native plugins for Editor in 0.00 ms.
Mono: successfully reloaded assembly
- Completed reload, in  0.877 seconds
Platform modules already initialized, skipping
Refreshing native plugins compatible for Editor in 0.75 ms, found 2 plugins.
Preloading 0 native plugins for Editor in 0.00 ms.
Unloading 3379 Unused Serialized files (Serialized files now loaded: 0)
System memory in use before: 129.4 MB.
System memory in use after: 129.5 MB.

Unloading 19 unused Assets to reduce memory usage. Loaded Objects now: 3885.
Total: 2.510700 ms (FindLiveObjects: 0.399600 ms CreateObjectMapping: 0.091400 ms MarkObjects: 1.913800 ms  DeleteObjects: 0.104500 ms)

========================================================================
Received Prepare
Registering precompiled user dll's ...
Registered in 0.003408 seconds.
Begin MonoManager ReloadAssembly
Native extension for WindowsStandalone target not found
Native extension for OSXStandalone target not found
Native extension for WebGL target not found
Refreshing native plugins compatible for Editor in 0.80 ms, found 2 plugins.
Preloading 0 native plugins for Editor in 0.00 ms.
Mono: successfully reloaded assembly
- Completed reload, in  0.879 seconds
Platform modules already initialized, skipping
Refreshing native plugins compatible for Editor in 0.80 ms, found 2 plugins.
Preloading 0 native plugins for Editor in 0.00 ms.
Unloading 3379 Unused Serialized files (Serialized files now loaded: 0)
System memory in use before: 129.4 MB.
System memory in use after: 129.5 MB.

Unloading 19 unused Assets to reduce memory usage. Loaded Objects now: 3889.
Total: 3.990500 ms (FindLiveObjects: 0.535700 ms CreateObjectMapping: 0.098800 ms MarkObjects: 3.194600 ms  DeleteObjects: 0.159300 ms)

========================================================================
Received Import Request.
  Time since last request: 99.654616 seconds.
  path: Assets/Scripts/GameManager.cs
  artifactKey: Guid(4396d09b7ef632f4caddce75403d91fa) Importer(815301076,1909f56bfc062723c751e8b465ee728b)
Start importing Assets/Scripts/GameManager.cs using Guid(4396d09b7ef632f4caddce75403d91fa) Importer(815301076,1909f56bfc062723c751e8b465ee728b)  -> (artifact id: '6a053ce2a89201215aeaa2bcbfcf8f50') in 0.007017 seconds 
========================================================================
Received Prepare
Registering precompiled user dll's ...
Registered in 0.003556 seconds.
Begin MonoManager ReloadAssembly
Native extension for WindowsStandalone target not found
Native extension for OSXStandalone target not found
Native extension for WebGL target not found
Refreshing native plugins compatible for Editor in 0.76 ms, found 2 plugins.
Preloading 0 native plugins for Editor in 0.00 ms.
Mono: successfully reloaded assembly
- Completed reload, in  0.879 seconds
Platform modules already initialized, skipping
Refreshing native plugins compatible for Editor in 0.78 ms, found 2 plugins.
Preloading 0 native plugins for Editor in 0.00 ms.
Unloading 3379 Unused Serialized files (Serialized files now loaded: 0)
System memory in use before: 129.4 MB.
System memory in use after: 129.5 MB.

Unloading 19 unused Assets to reduce memory usage. Loaded Objects now: 3893.
Total: 2.850800 ms (FindLiveObjects: 0.350100 ms CreateObjectMapping: 0.099800 ms MarkObjects: 2.279900 ms  DeleteObjects: 0.119800 ms)

========================================================================
Received Prepare
Registering precompiled user dll's ...
Registered in 0.004629 seconds.
Begin MonoManager ReloadAssembly
Native extension for WindowsStandalone target not found
Native extension for OSXStandalone target not found
Native extension for WebGL target not found
Refreshing native plugins compatible for Editor in 1.08 ms, found 2 plugins.
Preloading 0 native plugins for Editor in 0.00 ms.
Mono: successfully reloaded assembly
- Completed reload, in  0.879 seconds
Platform modules already initialized, skipping
Refreshing native plugins compatible for Editor in 0.78 ms, found 2 plugins.
Preloading 0 native plugins for Editor in 0.00 ms.
Unloading 3379 Unused Serialized files (Serialized files now loaded: 0)
System memory in use before: 129.4 MB.
System memory in use after: 129.5 MB.

Unloading 19 unused Assets to reduce memory usage. Loaded Objects now: 3897.
Total: 2.838000 ms (FindLiveObjects: 0.325200 ms CreateObjectMapping: 0.100000 ms MarkObjects: 2.293700 ms  DeleteObjects: 0.117900 ms)

========================================================================
Received Import Request.
  Time since last request: 168.777581 seconds.
  path: Assets/Scripts/GameManager.cs
  artifactKey: Guid(4396d09b7ef632f4caddce75403d91fa) Importer(815301076,1909f56bfc062723c751e8b465ee728b)
Start importing Assets/Scripts/GameManager.cs using Guid(4396d09b7ef632f4caddce75403d91fa) Importer(815301076,1909f56bfc062723c751e8b465ee728b)  -> (artifact id: 'aecc42c74da8cbc3ddf1cef739c1b007') in 0.006074 seconds 
========================================================================
Received Prepare
Registering precompiled user dll's ...
Registered in 0.004403 seconds.
Begin MonoManager ReloadAssembly
Native extension for WindowsStandalone target not found
Native extension for OSXStandalone target not found
Native extension for WebGL target not found
Refreshing native plugins compatible for Editor in 0.92 ms, found 2 plugins.
Preloading 0 native plugins for Editor in 0.00 ms.
Mono: successfully reloaded assembly
- Completed reload, in  1.036 seconds
Platform modules already initialized, skipping
Refreshing native plugins compatible for Editor in 0.78 ms, found 2 plugins.
Preloading 0 native plugins for Editor in 0.00 ms.
Unloading 3379 Unused Serialized files (Serialized files now loaded: 0)
System memory in use before: 129.4 MB.
System memory in use after: 129.5 MB.

Unloading 19 unused Assets to reduce memory usage. Loaded Objects now: 3901.
Total: 2.854900 ms (FindLiveObjects: 0.327100 ms CreateObjectMapping: 0.098800 ms MarkObjects: 2.290400 ms  DeleteObjects: 0.137500 ms)

========================================================================
Received Prepare
Registering precompiled user dll's ...
Registered in 0.003442 seconds.
Begin MonoManager ReloadAssembly
Native extension for WindowsStandalone target not found
Native extension for OSXStandalone target not found
Native extension for WebGL target not found
Refreshing native plugins compatible for Editor in 1.13 ms, found 2 plugins.
Preloading 0 native plugins for Editor in 0.00 ms.
Mono: successfully reloaded assembly
- Completed reload, in  0.942 seconds
Platform modules already initialized, skipping
Refreshing native plugins compatible for Editor in 0.80 ms, found 2 plugins.
Preloading 0 native plugins for Editor in 0.00 ms.
Unloading 3379 Unused Serialized files (Serialized files now loaded: 0)
System memory in use before: 129.5 MB.
System memory in use after: 129.5 MB.

Unloading 19 unused Assets to reduce memory usage. Loaded Objects now: 3905.
Total: 3.120400 ms (FindLiveObjects: 0.516100 ms CreateObjectMapping: 0.125700 ms MarkObjects: 2.346600 ms  DeleteObjects: 0.130700 ms)

========================================================================
Received Import Request.
  Time since last request: 323.952582 seconds.
  path: Assets/Scripts/GameManager.cs
  artifactKey: Guid(4396d09b7ef632f4caddce75403d91fa) Importer(815301076,1909f56bfc062723c751e8b465ee728b)
Start importing Assets/Scripts/GameManager.cs using Guid(4396d09b7ef632f4caddce75403d91fa) Importer(815301076,1909f56bfc062723c751e8b465ee728b)  -> (artifact id: '71967b9755126f326b4ba16e4b5e047b') in 0.007347 seconds 
========================================================================
Received Prepare
Registering precompiled user dll's ...
Registered in 0.003388 seconds.
Begin MonoManager ReloadAssembly
Native extension for WindowsStandalone target not found
Native extension for OSXStandalone target not found
Native extension for WebGL target not found
Refreshing native plugins compatible for Editor in 0.81 ms, found 2 plugins.
Preloading 0 native plugins for Editor in 0.00 ms.
Mono: successfully reloaded assembly
- Completed reload, in  0.903 seconds
Platform modules already initialized, skipping
Refreshing native plugins compatible for Editor in 0.79 ms, found 2 plugins.
Preloading 0 native plugins for Editor in 0.00 ms.
Unloading 3379 Unused Serialized files (Serialized files now loaded: 0)
System memory in use before: 129.5 MB.
System memory in use after: 129.6 MB.

Unloading 19 unused Assets to reduce memory usage. Loaded Objects now: 3909.
Total: 2.747500 ms (FindLiveObjects: 0.410700 ms CreateObjectMapping: 0.171600 ms MarkObjects: 2.042400 ms  DeleteObjects: 0.120900 ms)

========================================================================
Received Prepare
Registering precompiled user dll's ...
Registered in 0.003376 seconds.
Begin MonoManager ReloadAssembly
Native extension for WindowsStandalone target not found
Native extension for OSXStandalone target not found
Native extension for WebGL target not found
Refreshing native plugins compatible for Editor in 0.76 ms, found 2 plugins.
Preloading 0 native plugins for Editor in 0.00 ms.
Mono: successfully reloaded assembly
- Completed reload, in  0.861 seconds
Platform modules already initialized, skipping
Refreshing native plugins compatible for Editor in 0.78 ms, found 2 plugins.
Preloading 0 native plugins for Editor in 0.00 ms.
Unloading 3379 Unused Serialized files (Serialized files now loaded: 0)
System memory in use before: 129.5 MB.
System memory in use after: 129.6 MB.

Unloading 19 unused Assets to reduce memory usage. Loaded Objects now: 3913.
Total: 3.494600 ms (FindLiveObjects: 0.603200 ms CreateObjectMapping: 0.142500 ms MarkObjects: 2.608100 ms  DeleteObjects: 0.138900 ms)

========================================================================
Received Import Request.
  Time since last request: 36.101739 seconds.
  path: Assets/Scripts/GameManager.cs
  artifactKey: Guid(4396d09b7ef632f4caddce75403d91fa) Importer(815301076,1909f56bfc062723c751e8b465ee728b)
Start importing Assets/Scripts/GameManager.cs using Guid(4396d09b7ef632f4caddce75403d91fa) Importer(815301076,1909f56bfc062723c751e8b465ee728b)  -> (artifact id: '1c4ff444339276b3a8831e223684d02a') in 0.006312 seconds 
========================================================================
Received Prepare
Registering precompiled user dll's ...
Registered in 0.003613 seconds.
Begin MonoManager ReloadAssembly
Native extension for WindowsStandalone target not found
Native extension for OSXStandalone target not found
Native extension for WebGL target not found
Refreshing native plugins compatible for Editor in 0.76 ms, found 2 plugins.
Preloading 0 native plugins for Editor in 0.00 ms.
Mono: successfully reloaded assembly
- Completed reload, in  0.900 seconds
Platform modules already initialized, skipping
Refreshing native plugins compatible for Editor in 0.81 ms, found 2 plugins.
Preloading 0 native plugins for Editor in 0.00 ms.
Unloading 3379 Unused Serialized files (Serialized files now loaded: 0)
System memory in use before: 129.5 MB.
System memory in use after: 129.6 MB.

Unloading 19 unused Assets to reduce memory usage. Loaded Objects now: 3917.
Total: 3.178200 ms (FindLiveObjects: 0.443200 ms CreateObjectMapping: 0.124700 ms MarkObjects: 2.475400 ms  DeleteObjects: 0.133100 ms)

========================================================================
Received Import Request.
  Time since last request: 22.953858 seconds.
  path: Assets/Scripts/GameManager.cs
  artifactKey: Guid(4396d09b7ef632f4caddce75403d91fa) Importer(815301076,1909f56bfc062723c751e8b465ee728b)
Start importing Assets/Scripts/GameManager.cs using Guid(4396d09b7ef632f4caddce75403d91fa) Importer(815301076,1909f56bfc062723c751e8b465ee728b)  -> (artifact id: 'aecd3fead09575c17679b09e5462573f') in 0.006939 seconds 
========================================================================
Received Prepare
Registering precompiled user dll's ...
Registered in 0.004861 seconds.
Begin MonoManager ReloadAssembly
Native extension for WindowsStandalone target not found
Native extension for OSXStandalone target not found
Native extension for WebGL target not found
Refreshing native plugins compatible for Editor in 0.83 ms, found 2 plugins.
Preloading 0 native plugins for Editor in 0.00 ms.
Mono: successfully reloaded assembly
- Completed reload, in  0.921 seconds
Platform modules already initialized, skipping
Refreshing native plugins compatible for Editor in 0.89 ms, found 2 plugins.
Preloading 0 native plugins for Editor in 0.00 ms.
Unloading 3379 Unused Serialized files (Serialized files now loaded: 0)
System memory in use before: 129.5 MB.
System memory in use after: 129.6 MB.

Unloading 19 unused Assets to reduce memory usage. Loaded Objects now: 3921.
Total: 2.581100 ms (FindLiveObjects: 0.359700 ms CreateObjectMapping: 0.099500 ms MarkObjects: 2.001700 ms  DeleteObjects: 0.119100 ms)

========================================================================
Received Import Request.
  Time since last request: 43.544523 seconds.
  path: Assets/Scripts/GameManager.cs
  artifactKey: Guid(4396d09b7ef632f4caddce75403d91fa) Importer(815301076,1909f56bfc062723c751e8b465ee728b)
Start importing Assets/Scripts/GameManager.cs using Guid(4396d09b7ef632f4caddce75403d91fa) Importer(815301076,1909f56bfc062723c751e8b465ee728b)  -> (artifact id: '6ca87bd0281137ec3d4d9636736add3b') in 0.007217 seconds 
========================================================================
Received Prepare
Registering precompiled user dll's ...
Registered in 0.003538 seconds.
Begin MonoManager ReloadAssembly
Native extension for WindowsStandalone target not found
Native extension for OSXStandalone target not found
Native extension for WebGL target not found
Refreshing native plugins compatible for Editor in 0.77 ms, found 2 plugins.
Preloading 0 native plugins for Editor in 0.00 ms.
Mono: successfully reloaded assembly
- Completed reload, in  0.905 seconds
Platform modules already initialized, skipping
Refreshing native plugins compatible for Editor in 0.81 ms, found 2 plugins.
Preloading 0 native plugins for Editor in 0.00 ms.
Unloading 3379 Unused Serialized files (Serialized files now loaded: 0)
System memory in use before: 129.5 MB.
System memory in use after: 129.6 MB.

Unloading 19 unused Assets to reduce memory usage. Loaded Objects now: 3925.
Total: 2.749600 ms (FindLiveObjects: 0.468400 ms CreateObjectMapping: 0.120300 ms MarkObjects: 2.023000 ms  DeleteObjects: 0.136400 ms)

========================================================================
Received Import Request.
  Time since last request: 73.474616 seconds.
  path: Assets/Scripts/GameManager.cs
  artifactKey: Guid(4396d09b7ef632f4caddce75403d91fa) Importer(815301076,1909f56bfc062723c751e8b465ee728b)
Start importing Assets/Scripts/GameManager.cs using Guid(4396d09b7ef632f4caddce75403d91fa) Importer(815301076,1909f56bfc062723c751e8b465ee728b)  -> (artifact id: 'fe983e418ef7746ed6d5eca8562ed72d') in 0.007283 seconds 
========================================================================
Received Prepare
Registering precompiled user dll's ...
Registered in 0.003489 seconds.
Begin MonoManager ReloadAssembly
Native extension for WindowsStandalone target not found
Native extension for OSXStandalone target not found
Native extension for WebGL target not found
Refreshing native plugins compatible for Editor in 0.76 ms, found 2 plugins.
Preloading 0 native plugins for Editor in 0.00 ms.
Mono: successfully reloaded assembly
- Completed reload, in  0.920 seconds
Platform modules already initialized, skipping
Refreshing native plugins compatible for Editor in 0.77 ms, found 2 plugins.
Preloading 0 native plugins for Editor in 0.00 ms.
Unloading 3379 Unused Serialized files (Serialized files now loaded: 0)
System memory in use before: 129.5 MB.
System memory in use after: 129.6 MB.

Unloading 19 unused Assets to reduce memory usage. Loaded Objects now: 3929.
Total: 2.542500 ms (FindLiveObjects: 0.332400 ms CreateObjectMapping: 0.108800 ms MarkObjects: 1.989700 ms  DeleteObjects: 0.110600 ms)

========================================================================
Received Import Request.
  Time since last request: 337.968371 seconds.
  path: Assets/Scripts/GameManager.cs
  artifactKey: Guid(4396d09b7ef632f4caddce75403d91fa) Importer(815301076,1909f56bfc062723c751e8b465ee728b)
Start importing Assets/Scripts/GameManager.cs using Guid(4396d09b7ef632f4caddce75403d91fa) Importer(815301076,1909f56bfc062723c751e8b465ee728b)  -> (artifact id: 'f169bdb3cb17ddc31a90d9e6f171a57f') in 0.005834 seconds 
========================================================================
Received Prepare
Registering precompiled user dll's ...
Registered in 0.003634 seconds.
Begin MonoManager ReloadAssembly
Native extension for WindowsStandalone target not found
Native extension for OSXStandalone target not found
Native extension for WebGL target not found
Refreshing native plugins compatible for Editor in 0.85 ms, found 2 plugins.
Preloading 0 native plugins for Editor in 0.00 ms.
Mono: successfully reloaded assembly
- Completed reload, in  0.886 seconds
Platform modules already initialized, skipping
Refreshing native plugins compatible for Editor in 0.85 ms, found 2 plugins.
Preloading 0 native plugins for Editor in 0.00 ms.
Unloading 3379 Unused Serialized files (Serialized files now loaded: 0)
System memory in use before: 129.5 MB.
System memory in use after: 129.6 MB.

Unloading 19 unused Assets to reduce memory usage. Loaded Objects now: 3933.
Total: 3.025500 ms (FindLiveObjects: 0.518700 ms CreateObjectMapping: 0.108000 ms MarkObjects: 2.274600 ms  DeleteObjects: 0.123000 ms)

========================================================================
Received Prepare
Refreshing native plugins compatible for Editor in 3.81 ms, found 2 plugins.
Preloading 0 native plugins for Editor in 0.00 ms.
Unloading 17 Unused Serialized files (Serialized files now loaded: 0)
System memory in use before: 63.0 MB.
System memory in use after: 63.1 MB.

Unloading 17 unused Assets to reduce memory usage. Loaded Objects now: 3933.
Total: 3.628900 ms (FindLiveObjects: 0.367300 ms CreateObjectMapping: 0.118400 ms MarkObjects: 2.949300 ms  DeleteObjects: 0.192900 ms)

========================================================================
Received Prepare
Refreshing native plugins compatible for Editor in 3.22 ms, found 2 plugins.
Preloading 0 native plugins for Editor in 0.00 ms.
Unloading 17 Unused Serialized files (Serialized files now loaded: 0)
System memory in use before: 63.0 MB.
System memory in use after: 63.1 MB.

Unloading 17 unused Assets to reduce memory usage. Loaded Objects now: 3933.
Total: 2.558200 ms (FindLiveObjects: 0.344600 ms CreateObjectMapping: 0.102100 ms MarkObjects: 1.992500 ms  DeleteObjects: 0.118200 ms)

========================================================================
Received Prepare
Refreshing native plugins compatible for Editor in 3.40 ms, found 2 plugins.
Preloading 0 native plugins for Editor in 0.00 ms.
Unloading 17 Unused Serialized files (Serialized files now loaded: 0)
System memory in use before: 63.0 MB.
System memory in use after: 63.1 MB.

Unloading 17 unused Assets to reduce memory usage. Loaded Objects now: 3933.
Total: 2.588800 ms (FindLiveObjects: 0.358000 ms CreateObjectMapping: 0.103300 ms MarkObjects: 2.014900 ms  DeleteObjects: 0.112000 ms)

========================================================================
Received Prepare
Refreshing native plugins compatible for Editor in 3.03 ms, found 2 plugins.
Preloading 0 native plugins for Editor in 0.00 ms.
Unloading 17 Unused Serialized files (Serialized files now loaded: 0)
System memory in use before: 63.0 MB.
System memory in use after: 63.1 MB.

Unloading 17 unused Assets to reduce memory usage. Loaded Objects now: 3933.
Total: 3.091800 ms (FindLiveObjects: 0.342200 ms CreateObjectMapping: 0.097300 ms MarkObjects: 2.531100 ms  DeleteObjects: 0.119900 ms)

========================================================================
Received Prepare
Refreshing native plugins compatible for Editor in 2.96 ms, found 2 plugins.
Preloading 0 native plugins for Editor in 0.00 ms.
Unloading 17 Unused Serialized files (Serialized files now loaded: 0)
System memory in use before: 63.0 MB.
System memory in use after: 63.1 MB.

Unloading 17 unused Assets to reduce memory usage. Loaded Objects now: 3933.
Total: 3.248500 ms (FindLiveObjects: 0.349500 ms CreateObjectMapping: 0.123300 ms MarkObjects: 2.669200 ms  DeleteObjects: 0.105600 ms)

========================================================================
Received Prepare
Refreshing native plugins compatible for Editor in 2.95 ms, found 2 plugins.
Preloading 0 native plugins for Editor in 0.00 ms.
Unloading 17 Unused Serialized files (Serialized files now loaded: 0)
System memory in use before: 63.0 MB.
System memory in use after: 63.1 MB.

Unloading 17 unused Assets to reduce memory usage. Loaded Objects now: 3933.
Total: 2.504200 ms (FindLiveObjects: 0.328400 ms CreateObjectMapping: 0.096600 ms MarkObjects: 1.986000 ms  DeleteObjects: 0.092500 ms)

========================================================================
Received Prepare
Refreshing native plugins compatible for Editor in 3.05 ms, found 2 plugins.
Preloading 0 native plugins for Editor in 0.00 ms.
Unloading 17 Unused Serialized files (Serialized files now loaded: 0)
System memory in use before: 63.0 MB.
System memory in use after: 63.1 MB.

Unloading 17 unused Assets to reduce memory usage. Loaded Objects now: 3933.
Total: 2.640800 ms (FindLiveObjects: 0.342400 ms CreateObjectMapping: 0.089400 ms MarkObjects: 2.096100 ms  DeleteObjects: 0.112300 ms)

========================================================================
Received Prepare
Refreshing native plugins compatible for Editor in 4.20 ms, found 2 plugins.
Preloading 0 native plugins for Editor in 0.00 ms.
Unloading 17 Unused Serialized files (Serialized files now loaded: 0)
System memory in use before: 62.8 MB.
System memory in use after: 62.9 MB.

Unloading 17 unused Assets to reduce memory usage. Loaded Objects now: 3933.
Total: 3.470800 ms (FindLiveObjects: 0.373000 ms CreateObjectMapping: 0.101300 ms MarkObjects: 2.862700 ms  DeleteObjects: 0.132700 ms)

========================================================================
Received Prepare
Refreshing native plugins compatible for Editor in 3.19 ms, found 2 plugins.
Preloading 0 native plugins for Editor in 0.00 ms.
Unloading 17 Unused Serialized files (Serialized files now loaded: 0)
System memory in use before: 62.8 MB.
System memory in use after: 63.0 MB.

Unloading 17 unused Assets to reduce memory usage. Loaded Objects now: 3933.
Total: 2.677700 ms (FindLiveObjects: 0.359100 ms CreateObjectMapping: 0.090900 ms MarkObjects: 2.115300 ms  DeleteObjects: 0.111800 ms)

========================================================================
Received Prepare
Refreshing native plugins compatible for Editor in 3.35 ms, found 2 plugins.
Preloading 0 native plugins for Editor in 0.00 ms.
Unloading 17 Unused Serialized files (Serialized files now loaded: 0)
System memory in use before: 62.8 MB.
System memory in use after: 63.0 MB.

Unloading 17 unused Assets to reduce memory usage. Loaded Objects now: 3933.
Total: 2.533400 ms (FindLiveObjects: 0.335400 ms CreateObjectMapping: 0.098700 ms MarkObjects: 1.987500 ms  DeleteObjects: 0.111100 ms)

========================================================================
Received Prepare
Registering precompiled user dll's ...
Registered in 0.003471 seconds.
Begin MonoManager ReloadAssembly
Native extension for WindowsStandalone target not found
Native extension for OSXStandalone target not found
Native extension for WebGL target not found
Refreshing native plugins compatible for Editor in 0.79 ms, found 2 plugins.
Preloading 0 native plugins for Editor in 0.00 ms.
Mono: successfully reloaded assembly
- Completed reload, in  0.929 seconds
Platform modules already initialized, skipping
Refreshing native plugins compatible for Editor in 0.81 ms, found 2 plugins.
Preloading 0 native plugins for Editor in 0.00 ms.
Unloading 3379 Unused Serialized files (Serialized files now loaded: 0)
System memory in use before: 129.4 MB.
System memory in use after: 129.5 MB.

Unloading 19 unused Assets to reduce memory usage. Loaded Objects now: 3937.
Total: 2.613600 ms (FindLiveObjects: 0.351700 ms CreateObjectMapping: 0.101300 ms MarkObjects: 2.051600 ms  DeleteObjects: 0.107800 ms)

========================================================================
Received Prepare
Refreshing native plugins compatible for Editor in 3.57 ms, found 2 plugins.
Preloading 0 native plugins for Editor in 0.00 ms.
Unloading 17 Unused Serialized files (Serialized files now loaded: 0)
System memory in use before: 62.8 MB.
System memory in use after: 62.9 MB.

Unloading 17 unused Assets to reduce memory usage. Loaded Objects now: 3937.
Total: 3.094900 ms (FindLiveObjects: 0.361500 ms CreateObjectMapping: 0.098100 ms MarkObjects: 2.511500 ms  DeleteObjects: 0.122500 ms)

========================================================================
Received Prepare
Refreshing native plugins compatible for Editor in 3.44 ms, found 2 plugins.
Preloading 0 native plugins for Editor in 0.00 ms.
Unloading 17 Unused Serialized files (Serialized files now loaded: 0)
System memory in use before: 62.8 MB.
System memory in use after: 62.9 MB.

Unloading 17 unused Assets to reduce memory usage. Loaded Objects now: 3937.
Total: 2.987000 ms (FindLiveObjects: 0.426000 ms CreateObjectMapping: 0.101200 ms MarkObjects: 2.341600 ms  DeleteObjects: 0.116900 ms)

========================================================================
Received Prepare
Refreshing native plugins compatible for Editor in 3.38 ms, found 2 plugins.
Preloading 0 native plugins for Editor in 0.00 ms.
Unloading 17 Unused Serialized files (Serialized files now loaded: 0)
System memory in use before: 62.8 MB.
System memory in use after: 62.9 MB.

Unloading 17 unused Assets to reduce memory usage. Loaded Objects now: 3937.
Total: 2.839300 ms (FindLiveObjects: 0.364600 ms CreateObjectMapping: 0.103200 ms MarkObjects: 2.242300 ms  DeleteObjects: 0.128100 ms)

AssetImportWorkerClient::OnTransportError - code=2 error=End of file
